*** Micro86 Emulator V. 1.0 BOOTING ***

Program file: programs/unconditional_jump.m86

=== EXECUTION TRACE ===

0x00000000:	JMPI		0x00000003		|0x00000003: 0x02020001|
		Registers: acc: 0x00000000 ip: 0x00000001 flags: 0x00000000 (ir: 0x0A010003)
0x00000003:	LOAD		0x00000001		|0x00000001: 0x0000000A|
		Registers: acc: 0x00000000 ip: 0x00000004 flags: 0x00000000 (ir: 0x02020001)
0x00000004:	JMPI		0x00000006		|0x00000006: 0x03020002|
		Registers: acc: 0x0000000A ip: 0x00000005 flags: 0x00000000 (ir: 0x0A010006)
0x00000006:	STORE		0x00000002		|0x00000002: 0x00000000|
		Registers: acc: 0x0000000A ip: 0x00000007 flags: 0x00000000 (ir: 0x03020002)
0x00000007:	HALT
		Registers: acc: 0x0000000A ip: 0x00000008 flags: 0x00000000 (ir: 0x01000000)

=== DISASSEMBLED CODE ===

0x00000000:	JMPI		0x00000003		|0x00000003: 0x02020001|
0x00000001:	0x0000000A
0x00000002:	0x0000000A
0x00000003:	LOAD		0x00000001		|0x00000001: 0x0000000A|
0x00000004:	JMPI		0x00000006		|0x00000006: 0x03020002|
0x00000005:	MULI		0x00000002
0x00000006:	STORE		0x00000002		|0x00000002: 0x0000000A|
0x00000007:	HALT

=== POST-MORTEM DUMP ===

CPU:

Registers: acc: 0x0000000A ip: 0x00000008 flags: 0x00000000 (ir: 0x01000000)

MEMORY:

0x00000000:	0x0A010003
0x00000001:	0x0000000A
0x00000002:	0x0000000A
0x00000003:	0x02020001
0x00000004:	0x0A010006
0x00000005:	0x06010002
0x00000006:	0x03020002
0x00000007:	0x01000000
0x00000008:	0x00000000
. . . . .
0x00000013:	0x00000000

*** Micro86 Emulator V. 1.0 HALTED ***
