*** Micro86 Emulator V. 1.0 BOOTING ***

Program file: programs/arithmetic.m86

=== EXECUTION TRACE ===

0x00000000:	JMPI		0x00000005		|0x00000005: 0x02020001|
		Registers: acc: 0x00000000 ip: 0x00000001 flags: 0x00000000 (ir: 0x0A010005)
0x00000005:	LOAD		0x00000001		|0x00000001: 0x0000000A|
		Registers: acc: 0x00000000 ip: 0x00000006 flags: 0x00000000 (ir: 0x02020001)
0x00000006:	ADD		0x00000002		|0x00000002: 0x00000014|
		Registers: acc: 0x0000000A ip: 0x00000007 flags: 0x00000000 (ir: 0x04020002)
0x00000007:	DIV		0x00000003		|0x00000003: 0x00000002|
		Registers: acc: 0x0000001E ip: 0x00000008 flags: 0x00000000 (ir: 0x07020003)
0x00000008:	STORE		0x00000004		|0x00000004: 0x00000000|
		Registers: acc: 0x0000000F ip: 0x00000009 flags: 0x00000000 (ir: 0x03020004)
0x00000009:	HALT
		Registers: acc: 0x0000000F ip: 0x0000000A flags: 0x00000000 (ir: 0x01000000)

=== DISASSEMBLED CODE ===

0x00000000:	JMPI		0x00000005		|0x00000005: 0x02020001|
0x00000001:	0x0000000A
0x00000002:	0x00000014
0x00000003:	0x00000002
0x00000004:	0x0000000F
0x00000005:	LOAD		0x00000001		|0x00000001: 0x0000000A|
0x00000006:	ADD		0x00000002		|0x00000002: 0x00000014|
0x00000007:	DIV		0x00000003		|0x00000003: 0x00000002|
0x00000008:	STORE		0x00000004		|0x00000004: 0x0000000F|
0x00000009:	HALT

=== POST-MORTEM DUMP ===

CPU:

Registers: acc: 0x0000000F ip: 0x0000000A flags: 0x00000000 (ir: 0x01000000)

MEMORY:

0x00000000:	0x0A010005
0x00000001:	0x0000000A
0x00000002:	0x00000014
0x00000003:	0x00000002
0x00000004:	0x0000000F
0x00000005:	0x02020001
0x00000006:	0x04020002
0x00000007:	0x07020003
0x00000008:	0x03020004
0x00000009:	0x01000000
0x0000000A:	0x00000000
. . . . .
0x00000013:	0x00000000

*** Micro86 Emulator V. 1.0 HALTED ***
