*** Micro86 Emulator V. 1.0 BOOTING ***

Program file: programs/comparison_and_branching.m86

=== EXECUTION TRACE ===

0x00000000:	JMPI		0x00000004		|0x00000004: 0x02020001|
		Registers: acc: 0x00000000 ip: 0x00000001 flags: 0x00000000 (ir: 0x0A010004)
0x00000004:	LOAD		0x00000001		|0x00000001: 0x0000000A|
		Registers: acc: 0x00000000 ip: 0x00000005 flags: 0x00000000 (ir: 0x02020001)
0x00000005:	CMP		0x00000002		|0x00000002: 0x00000008|
		Registers: acc: 0x0000000A ip: 0x00000006 flags: 0x00000000 (ir: 0x09020002)
0x00000006:	JGEI		0x0000000A		|0x0000000A: 0x03020003|
		Registers: acc: 0x0000000A ip: 0x00000007 flags: 0x00000000 (ir: 0x1001000A)
0x0000000A:	STORE		0x00000003		|0x00000003: 0x00000000|
		Registers: acc: 0x0000000A ip: 0x0000000B flags: 0x00000000 (ir: 0x03020003)
0x0000000B:	HALT
		Registers: acc: 0x0000000A ip: 0x0000000C flags: 0x00000000 (ir: 0x01000000)

=== DISASSEMBLED CODE ===

0x00000000:	JMPI		0x00000004		|0x00000004: 0x02020001|
0x00000001:	0x0000000A
0x00000002:	0x00000008
0x00000003:	0x0000000A
0x00000004:	LOAD		0x00000001		|0x00000001: 0x0000000A|
0x00000005:	CMP		0x00000002		|0x00000002: 0x00000008|
0x00000006:	JGEI		0x0000000A		|0x0000000A: 0x03020003|
0x00000007:	LOAD		0x00000002		|0x00000002: 0x00000008|
0x00000008:	STORE		0x00000003		|0x00000003: 0x0000000A|
0x00000009:	HALT
0x0000000A:	STORE		0x00000003		|0x00000003: 0x0000000A|
0x0000000B:	HALT

=== POST-MORTEM DUMP ===

CPU:

Registers: acc: 0x0000000A ip: 0x0000000C flags: 0x00000000 (ir: 0x01000000)

MEMORY:

0x00000000:	0x0A010004
0x00000001:	0x0000000A
0x00000002:	0x00000008
0x00000003:	0x0000000A
0x00000004:	0x02020001
0x00000005:	0x09020002
0x00000006:	0x1001000A
0x00000007:	0x02020002
0x00000008:	0x03020003
0x00000009:	0x01000000
0x0000000A:	0x03020003
0x0000000B:	0x01000000
0x0000000C:	0x00000000
. . . . .
0x00000013:	0x00000000

*** Micro86 Emulator V. 1.0 HALTED ***
